<?xml version="1.0" encoding="UTF-8"?>
<!-- Generated by org.testng.reporters.JUnitReportReporter -->
<testsuite hostname="Victor-PC" failures="0" tests="1" name="pe.webVAC.automation.ui.runWebVACTest" time="21.242" errors="0" timestamp="26 Aug 2019 10:16:39 GMT">
  <testcase classname="pe.webVAC.automation.ui.runWebVACTest" name="TestWeb" time="21.242"/>
</testsuite> <!-- pe.webVAC.automation.ui.runWebVACTest -->
